Using pre-set license

 COMMAND LINE ARGUMENTS:
/Applications/Unity/Hub/Editor/2020.3.3f1/Unity.app/Contents/MacOS/Unity
-adb2
-batchMode
-noUpm
-name
AssetImportWorker0
-projectPath
/Users/bobbyreay/Projects/Games/Ruby2D
-logFile
Logs/AssetImportWorker0.log
-srvPort
52311
Successfully changed project path to: /Users/bobbyreay/Projects/Games/Ruby2D
/Users/bobbyreay/Projects/Games/Ruby2D
Using Asset Import Pipeline V2.
Refreshing native plugins compatible for Editor in 31.30 ms, found 2 plugins.
Preloading 0 native plugins for Editor in 0.00 ms.
Initialize engine version: 2020.3.3f1 (76626098c1c4)
[Subsystems] Discovering subsystems at path /Applications/Unity/Hub/Editor/2020.3.3f1/Unity.app/Contents/Resources/UnitySubsystems
[Subsystems] Discovering subsystems at path /Users/bobbyreay/Projects/Games/Ruby2D/Assets
GfxDevice: creating device client; threaded=0
2021-05-07 15:58:03.721 Unity[3554:154292] DELL U3818DW preferred device: AMD Radeon Pro 560X (high power)
2021-05-07 15:58:03.721 Unity[3554:154292] Metal devices available: 2
2021-05-07 15:58:03.721 Unity[3554:154292] 0: AMD Radeon Pro 560X (high power)
2021-05-07 15:58:03.721 Unity[3554:154292] 1: Intel(R) UHD Graphics 630 (low power)
2021-05-07 15:58:03.721 Unity[3554:154292] Using device AMD Radeon Pro 560X (high power)
Initializing Metal device caps: AMD Radeon Pro 560X
Initialize mono
Mono path[0] = '/Applications/Unity/Hub/Editor/2020.3.3f1/Unity.app/Contents/Managed'
Mono path[1] = '/Applications/Unity/Hub/Editor/2020.3.3f1/Unity.app/Contents/MonoBleedingEdge/lib/mono/unityjit'
Mono config path = '/Applications/Unity/Hub/Editor/2020.3.3f1/Unity.app/Contents/MonoBleedingEdge/etc'
Using monoOptions --debugger-agent=transport=dt_socket,embedding=1,server=y,suspend=n,address=127.0.0.1:56554
Begin MonoManager ReloadAssembly
Registering precompiled unity dll's ...
Register platform support module: /Applications/Unity/Hub/Editor/2020.3.3f1/Unity.app/Contents/PlaybackEngines/MacStandaloneSupport/UnityEditor.OSXStandalone.Extensions.dll
Registered in 0.000525 seconds.
Native extension for OSXStandalone target not found
Refreshing native plugins compatible for Editor in 30.36 ms, found 2 plugins.
Preloading 0 native plugins for Editor in 0.00 ms.
Invoked RoslynAnalysisRunner static constructor.
RoslynAnalysisRunner will not be running.
RoslynAnalysisRunner has terminated.
Mono: successfully reloaded assembly
- Completed reload, in  1.859 seconds
Platform modules already initialized, skipping
Registering precompiled user dll's ...
Registered in 0.000620 seconds.
Begin MonoManager ReloadAssembly
Native extension for OSXStandalone target not found
Refreshing native plugins compatible for Editor in 27.94 ms, found 2 plugins.
Preloading 0 native plugins for Editor in 0.00 ms.
Invoked RoslynAnalysisRunner static constructor.
RoslynAnalysisRunner will not be running.
RoslynAnalysisRunner has terminated.
Mono: successfully reloaded assembly
- Completed reload, in  0.915 seconds
Platform modules already initialized, skipping
========================================================================
Worker process is ready to serve import requests
Launching external process: /Applications/Unity/Hub/Editor/2020.3.3f1/Unity.app/Contents/Tools/UnityShaderCompiler
Launched and connected shader compiler UnityShaderCompiler after 0.01 seconds
Refreshing native plugins compatible for Editor in 0.33 ms, found 2 plugins.
Preloading 0 native plugins for Editor in 0.00 ms.
Unloading 1810 Unused Serialized files (Serialized files now loaded: 0)
System memory in use before: 144.1 MB.
System memory in use after: 144.1 MB.

Unloading 24 unused Assets to reduce memory usage. Loaded Objects now: 2253.
Total: 2.348046 ms (FindLiveObjects: 0.219909 ms CreateObjectMapping: 0.103699 ms MarkObjects: 1.875090 ms  DeleteObjects: 0.148137 ms)

========================================================================
Received Import Request.
  path: Assets/Scripts/HealthCollectible.cs
  artifactKey: Guid(8009c88f1ff734149aca0835f309685a) Importer(815301076,1909f56bfc062723c751e8b465ee728b)
Start importing Assets/Scripts/HealthCollectible.cs using Guid(8009c88f1ff734149aca0835f309685a) Importer(815301076,1909f56bfc062723c751e8b465ee728b)  -> (artifact id: 'bcad875dfa95adb18eefb834e933c241') in 0.383373 seconds
  Import took 0.386327 seconds .

========================================================================
Received Import Request.
  Time since last request: 15.060241 seconds.
  path: Assets/Scripts/RubyController.cs
  artifactKey: Guid(92cb1b8ff5c274252b4dc0fc67401bfa) Importer(815301076,1909f56bfc062723c751e8b465ee728b)
Start importing Assets/Scripts/RubyController.cs using Guid(92cb1b8ff5c274252b4dc0fc67401bfa) Importer(815301076,1909f56bfc062723c751e8b465ee728b)  -> (artifact id: '35b117dfc5e0f9837beb8d9a0f03a577') in 0.001593 seconds
  Import took 0.004106 seconds .

========================================================================
Received Import Request.
  Time since last request: 0.027825 seconds.
  path: Assets/Scripts/RubyController.cs
  artifactKey: Guid(92cb1b8ff5c274252b4dc0fc67401bfa) Importer(815301076,1909f56bfc062723c751e8b465ee728b)
Start importing Assets/Scripts/RubyController.cs using Guid(92cb1b8ff5c274252b4dc0fc67401bfa) Importer(815301076,1909f56bfc062723c751e8b465ee728b)  -> (artifact id: '35b117dfc5e0f9837beb8d9a0f03a577') in 0.001240 seconds
  Import took 0.003647 seconds .

========================================================================
Received Import Request.
  Time since last request: 11.561805 seconds.
  path: Assets/Prefabs/CollectibleHealth 1.prefab
  artifactKey: Guid(21ec7c31dcacb482ca57e53a86c3f134) Importer(815301076,1909f56bfc062723c751e8b465ee728b)
Start importing Assets/Prefabs/CollectibleHealth 1.prefab using Guid(21ec7c31dcacb482ca57e53a86c3f134) Importer(815301076,1909f56bfc062723c751e8b465ee728b)  -> (artifact id: '5cf2277f3e686d35c2f30c45c68a19ce') in 0.779928 seconds
  Import took 0.782887 seconds .

========================================================================
Received Prepare
Registering precompiled user dll's ...
Registered in 0.000426 seconds.
Begin MonoManager ReloadAssembly
Native extension for OSXStandalone target not found
Refreshing native plugins compatible for Editor in 0.35 ms, found 2 plugins.
Preloading 0 native plugins for Editor in 0.00 ms.
Invoked RoslynAnalysisRunner static constructor.
RoslynAnalysisRunner will not be running.
RoslynAnalysisRunner has terminated.
Mono: successfully reloaded assembly
- Completed reload, in  0.839 seconds
Platform modules already initialized, skipping
Refreshing native plugins compatible for Editor in 0.20 ms, found 2 plugins.
Preloading 0 native plugins for Editor in 0.00 ms.
Unloading 1805 Unused Serialized files (Serialized files now loaded: 0)
System memory in use before: 156.2 MB.
System memory in use after: 156.2 MB.

Unloading 12 unused Assets to reduce memory usage. Loaded Objects now: 2264.
Total: 1.937336 ms (FindLiveObjects: 0.204311 ms CreateObjectMapping: 0.065552 ms MarkObjects: 1.564019 ms  DeleteObjects: 0.102286 ms)

